
======================================================================
File: 00.CXT
======================================================================

Total TEXT/FIELD members: 0

======================================================================
File: 02.DXR
======================================================================

Total TEXT/FIELD members: 0

======================================================================
File: 03.DXR
======================================================================

Total TEXT/FIELD members: 0

======================================================================
File: 04.DXR
======================================================================

Total TEXT/FIELD members: 0

======================================================================
File: 05.DXR
======================================================================

Total TEXT/FIELD members: 0

======================================================================
File: 06.DXR
======================================================================

Total TEXT/FIELD members: 0

======================================================================
File: 08.DXR
======================================================================

Total TEXT/FIELD members: 0

======================================================================
File: 10.DXR
======================================================================

Total TEXT/FIELD members: 0

======================================================================
File: 12.DXR
======================================================================

Total TEXT/FIELD members: 0

======================================================================
File: 13.DXR
======================================================================

Total TEXT/FIELD members: 0

======================================================================
File: 18.DXR
======================================================================

Total TEXT/FIELD members: 0

======================================================================
File: 82.DXR
======================================================================

Total TEXT/FIELD members: 0

======================================================================
File: 83.DXR
======================================================================

Total TEXT/FIELD members: 0

======================================================================
File: 84.DXR
======================================================================

Total TEXT/FIELD members: 0

======================================================================
File: 85.DXR
======================================================================

Total TEXT/FIELD members: 0

======================================================================
File: 86.DXR
======================================================================

Total TEXT/FIELD members: 0

======================================================================
File: 87.DXR
======================================================================

Total TEXT/FIELD members: 0

======================================================================
File: 88.DXR
======================================================================

Total TEXT/FIELD members: 0

======================================================================
File: 89.DXR
======================================================================

Total TEXT/FIELD members: 0

======================================================================
File: 90.DXR
======================================================================

Total TEXT/FIELD members: 0

======================================================================
File: 91.DXR
======================================================================

Total TEXT/FIELD members: 0

======================================================================
File: 92.DXR
======================================================================

Total TEXT/FIELD members: 0

======================================================================
File: 93.DXR
======================================================================

Total TEXT/FIELD members: 0

======================================================================
File: 94.DXR
======================================================================

Total TEXT/FIELD members: 0

======================================================================
File: CDDATA.CXT
======================================================================

Total TEXT/FIELD members: 0

======================================================================
File: LBSTART.DXR
======================================================================

Total TEXT/FIELD members: 0

======================================================================
File: TEMPPLUG.CXT
======================================================================

Total TEXT/FIELD members: 0

======================================================================
File: UNLOAD.DXR
======================================================================

Total TEXT/FIELD members: 0

======================================================================
Results saved to: /Users/sander/projects/mulle-meck-game/all_text_fields.json
======================================================================

GRAND TOTAL: 0 TEXT/FIELD members across all files
